2024-05-12 23:23:03,904 - ERROR - Usage: python analyze.py <pcap_file>
2024-05-12 23:23:19,469 - INFO - Analyzing traffic from: 2013-12-09-Whitehole-EK-traffic.pcap
2024-05-12 23:23:19,581 - INFO - Starting traffic analysis...
2024-05-12 23:23:19,581 - ERROR - Error processing packet: get
2024-05-12 23:23:19,581 - ERROR - Error processing packet: get
2024-05-12 23:23:19,582 - ERROR - Error processing packet: get
2024-05-12 23:23:19,582 - ERROR - Error processing packet: get
2024-05-12 23:23:19,582 - ERROR - Error processing packet: get
2024-05-12 23:23:19,582 - ERROR - Error processing packet: get
2024-05-12 23:23:19,583 - ERROR - Error processing packet: get
2024-05-12 23:23:19,583 - ERROR - Error processing packet: get
2024-05-12 23:23:19,584 - ERROR - Error processing packet: get
2024-05-12 23:23:19,584 - ERROR - Error processing packet: get
2024-05-12 23:23:19,584 - ERROR - Error processing packet: get
2024-05-12 23:23:19,584 - ERROR - Error processing packet: get
2024-05-12 23:23:19,584 - ERROR - Error processing packet: get
2024-05-12 23:23:19,584 - ERROR - Error processing packet: get
2024-05-12 23:23:19,584 - ERROR - Error processing packet: get
2024-05-12 23:23:19,585 - ERROR - Error processing packet: get
2024-05-12 23:23:19,585 - ERROR - Error processing packet: get
2024-05-12 23:23:19,585 - ERROR - Error processing packet: get
2024-05-12 23:23:19,585 - ERROR - Error processing packet: get
2024-05-12 23:23:19,586 - ERROR - Error processing packet: get
2024-05-12 23:23:19,586 - ERROR - Error processing packet: get
2024-05-12 23:23:19,586 - ERROR - Error processing packet: get
2024-05-12 23:23:19,587 - ERROR - Error processing packet: get
2024-05-12 23:23:19,587 - ERROR - Error processing packet: get
2024-05-12 23:23:19,587 - ERROR - Error processing packet: get
2024-05-12 23:23:19,587 - ERROR - Error processing packet: get
2024-05-12 23:23:19,587 - ERROR - Error processing packet: get
2024-05-12 23:23:19,587 - ERROR - Error processing packet: get
2024-05-12 23:23:19,587 - ERROR - Error processing packet: get
2024-05-12 23:23:19,587 - ERROR - Error processing packet: get
2024-05-12 23:23:19,588 - ERROR - Error processing packet: get
2024-05-12 23:23:19,588 - ERROR - Error processing packet: get
2024-05-12 23:23:19,588 - ERROR - Error processing packet: get
2024-05-12 23:23:19,588 - ERROR - Error processing packet: get
2024-05-12 23:23:19,588 - ERROR - Error processing packet: get
2024-05-12 23:23:19,588 - ERROR - Error processing packet: get
2024-05-12 23:23:19,588 - ERROR - Error processing packet: get
2024-05-12 23:23:19,589 - ERROR - Error processing packet: get
2024-05-12 23:23:19,589 - ERROR - Error processing packet: get
2024-05-12 23:23:19,589 - ERROR - Error processing packet: get
2024-05-12 23:23:19,589 - ERROR - Error processing packet: get
2024-05-12 23:23:19,589 - ERROR - Error processing packet: get
2024-05-12 23:23:19,589 - ERROR - Error processing packet: get
2024-05-12 23:23:19,590 - ERROR - Error processing packet: get
2024-05-12 23:23:19,590 - ERROR - Error processing packet: get
2024-05-12 23:23:19,590 - ERROR - Error processing packet: get
2024-05-12 23:23:19,590 - ERROR - Error processing packet: get
2024-05-12 23:23:19,590 - ERROR - Error processing packet: get
2024-05-12 23:23:19,590 - ERROR - Error processing packet: get
2024-05-12 23:23:19,590 - ERROR - Error processing packet: get
2024-05-12 23:23:19,590 - ERROR - Error processing packet: get
2024-05-12 23:23:19,590 - ERROR - Error processing packet: get
2024-05-12 23:23:19,590 - ERROR - Error processing packet: get
2024-05-12 23:23:19,591 - ERROR - Error processing packet: get
2024-05-12 23:23:19,591 - ERROR - Error processing packet: get
2024-05-12 23:23:19,591 - ERROR - Error processing packet: get
2024-05-12 23:23:19,591 - ERROR - Error processing packet: get
2024-05-12 23:23:19,591 - ERROR - Error processing packet: get
2024-05-12 23:23:19,591 - ERROR - Error processing packet: get
2024-05-12 23:23:19,591 - ERROR - Error processing packet: get
2024-05-12 23:23:19,591 - ERROR - Error processing packet: get
2024-05-12 23:23:19,592 - ERROR - Error processing packet: get
2024-05-12 23:23:19,592 - ERROR - Error processing packet: get
2024-05-12 23:23:19,592 - ERROR - Error processing packet: get
2024-05-12 23:23:19,592 - ERROR - Error processing packet: get
2024-05-12 23:23:19,592 - ERROR - Error processing packet: get
2024-05-12 23:23:19,592 - ERROR - Error processing packet: get
2024-05-12 23:23:19,592 - ERROR - Error processing packet: get
2024-05-12 23:23:19,593 - ERROR - Error processing packet: get
2024-05-12 23:23:19,593 - ERROR - Error processing packet: get
2024-05-12 23:23:19,593 - ERROR - Error processing packet: get
2024-05-12 23:23:19,593 - ERROR - Error processing packet: get
2024-05-12 23:23:19,593 - ERROR - Error processing packet: get
2024-05-12 23:23:19,594 - ERROR - Error processing packet: get
2024-05-12 23:23:19,594 - ERROR - Error processing packet: get
2024-05-12 23:23:19,594 - ERROR - Error processing packet: get
2024-05-12 23:23:19,594 - ERROR - Error processing packet: get
2024-05-12 23:23:19,594 - ERROR - Error processing packet: get
2024-05-12 23:23:19,594 - ERROR - Error processing packet: get
2024-05-12 23:23:19,595 - ERROR - Error processing packet: get
2024-05-12 23:23:19,595 - ERROR - Error processing packet: get
2024-05-12 23:23:19,595 - ERROR - Error processing packet: get
2024-05-12 23:23:19,595 - ERROR - Error processing packet: get
2024-05-12 23:23:19,596 - ERROR - Error processing packet: get
2024-05-12 23:23:19,596 - ERROR - Error processing packet: get
2024-05-12 23:23:19,596 - ERROR - Error processing packet: get
2024-05-12 23:23:19,596 - ERROR - Error processing packet: get
2024-05-12 23:23:19,596 - ERROR - Error processing packet: get
2024-05-12 23:23:19,596 - ERROR - Error processing packet: get
2024-05-12 23:23:19,596 - ERROR - Error processing packet: get
2024-05-12 23:23:19,596 - ERROR - Error processing packet: get
2024-05-12 23:23:19,596 - ERROR - Error processing packet: get
2024-05-12 23:23:19,597 - ERROR - Error processing packet: get
2024-05-12 23:23:19,597 - ERROR - Error processing packet: get
2024-05-12 23:23:19,597 - ERROR - Error processing packet: get
2024-05-12 23:23:19,597 - ERROR - Error processing packet: get
2024-05-12 23:23:19,597 - ERROR - Error processing packet: get
2024-05-12 23:23:19,598 - ERROR - Error processing packet: get
2024-05-12 23:23:19,598 - ERROR - Error processing packet: get
2024-05-12 23:23:19,598 - ERROR - Error processing packet: get
2024-05-12 23:23:19,598 - ERROR - Error processing packet: get
2024-05-12 23:23:19,598 - ERROR - Error processing packet: get
2024-05-12 23:23:19,598 - ERROR - Error processing packet: get
2024-05-12 23:23:19,598 - ERROR - Error processing packet: get
2024-05-12 23:23:19,598 - ERROR - Error processing packet: get
2024-05-12 23:23:19,598 - ERROR - Error processing packet: get
2024-05-12 23:23:19,598 - ERROR - Error processing packet: get
2024-05-12 23:23:19,599 - ERROR - Error processing packet: get
2024-05-12 23:23:19,599 - ERROR - Error processing packet: get
2024-05-12 23:23:19,599 - ERROR - Error processing packet: get
2024-05-12 23:23:19,599 - ERROR - Error processing packet: get
2024-05-12 23:23:19,599 - ERROR - Error processing packet: get
2024-05-12 23:23:19,599 - ERROR - Error processing packet: get
2024-05-12 23:23:19,599 - ERROR - Error processing packet: get
2024-05-12 23:23:19,599 - ERROR - Error processing packet: get
2024-05-12 23:23:19,599 - ERROR - Error processing packet: get
2024-05-12 23:23:19,599 - ERROR - Error processing packet: get
2024-05-12 23:23:19,600 - ERROR - Error processing packet: get
2024-05-12 23:23:19,600 - ERROR - Error processing packet: get
2024-05-12 23:23:19,600 - ERROR - Error processing packet: get
2024-05-12 23:23:19,600 - ERROR - Error processing packet: get
2024-05-12 23:23:19,600 - ERROR - Error processing packet: get
2024-05-12 23:23:19,600 - ERROR - Error processing packet: get
2024-05-12 23:23:19,600 - ERROR - Error processing packet: get
2024-05-12 23:23:19,600 - ERROR - Error processing packet: get
2024-05-12 23:23:19,601 - ERROR - Error processing packet: get
2024-05-12 23:23:19,601 - ERROR - Error processing packet: get
2024-05-12 23:23:19,602 - ERROR - Error processing packet: get
2024-05-12 23:23:19,602 - ERROR - Error processing packet: get
2024-05-12 23:23:19,602 - ERROR - Error processing packet: get
2024-05-12 23:23:19,602 - ERROR - Error processing packet: get
2024-05-12 23:23:19,602 - ERROR - Error processing packet: get
2024-05-12 23:23:19,603 - ERROR - Error processing packet: get
2024-05-12 23:23:19,603 - ERROR - Error processing packet: get
2024-05-12 23:23:19,603 - ERROR - Error processing packet: get
2024-05-12 23:23:19,603 - ERROR - Error processing packet: get
2024-05-12 23:23:19,603 - ERROR - Error processing packet: get
2024-05-12 23:23:19,603 - ERROR - Error processing packet: get
2024-05-12 23:23:19,603 - ERROR - Error processing packet: get
2024-05-12 23:23:19,603 - ERROR - Error processing packet: get
2024-05-12 23:23:19,604 - ERROR - Error processing packet: get
2024-05-12 23:23:19,604 - ERROR - Error processing packet: get
2024-05-12 23:23:19,604 - ERROR - Error processing packet: get
2024-05-12 23:23:19,604 - ERROR - Error processing packet: get
2024-05-12 23:23:19,604 - ERROR - Error processing packet: get
2024-05-12 23:23:19,604 - ERROR - Error processing packet: get
2024-05-12 23:23:19,604 - ERROR - Error processing packet: get
2024-05-12 23:23:19,605 - ERROR - Error processing packet: get
2024-05-12 23:23:19,605 - ERROR - Error processing packet: get
2024-05-12 23:23:19,605 - ERROR - Error processing packet: get
2024-05-12 23:23:19,605 - ERROR - Error processing packet: get
2024-05-12 23:23:19,605 - ERROR - Error processing packet: get
2024-05-12 23:23:19,605 - ERROR - Error processing packet: get
2024-05-12 23:23:19,605 - ERROR - Error processing packet: get
2024-05-12 23:23:19,605 - ERROR - Error processing packet: get
2024-05-12 23:23:19,606 - ERROR - Error processing packet: get
2024-05-12 23:23:19,606 - ERROR - Error processing packet: get
2024-05-12 23:23:19,606 - ERROR - Error processing packet: get
2024-05-12 23:23:19,606 - ERROR - Error processing packet: get
2024-05-12 23:23:19,606 - ERROR - Error processing packet: get
2024-05-12 23:23:19,606 - ERROR - Error processing packet: get
2024-05-12 23:23:19,606 - ERROR - Error processing packet: get
2024-05-12 23:23:19,606 - ERROR - Error processing packet: get
2024-05-12 23:23:19,607 - ERROR - Error processing packet: get
2024-05-12 23:23:19,607 - ERROR - Error processing packet: get
2024-05-12 23:23:19,607 - ERROR - Error processing packet: get
2024-05-12 23:23:19,607 - ERROR - Error processing packet: get
2024-05-12 23:23:19,607 - ERROR - Error processing packet: get
2024-05-12 23:23:19,607 - ERROR - Error processing packet: get
2024-05-12 23:23:19,607 - ERROR - Error processing packet: get
2024-05-12 23:23:19,607 - ERROR - Error processing packet: get
2024-05-12 23:23:19,608 - ERROR - Error processing packet: get
2024-05-12 23:23:19,608 - ERROR - Error processing packet: get
2024-05-12 23:23:19,608 - ERROR - Error processing packet: get
2024-05-12 23:23:19,608 - ERROR - Error processing packet: get
2024-05-12 23:23:19,608 - ERROR - Error processing packet: get
2024-05-12 23:23:19,608 - ERROR - Error processing packet: get
2024-05-12 23:23:19,608 - ERROR - Error processing packet: get
2024-05-12 23:23:19,609 - ERROR - Error processing packet: get
2024-05-12 23:23:19,609 - ERROR - Error processing packet: get
2024-05-12 23:23:19,609 - ERROR - Error processing packet: get
2024-05-12 23:23:19,609 - ERROR - Error processing packet: get
2024-05-12 23:23:19,609 - ERROR - Error processing packet: get
2024-05-12 23:23:19,609 - ERROR - Error processing packet: get
2024-05-12 23:23:19,610 - ERROR - Error processing packet: get
2024-05-12 23:23:19,610 - ERROR - Error processing packet: get
2024-05-12 23:23:19,610 - ERROR - Error processing packet: get
2024-05-12 23:23:19,610 - ERROR - Error processing packet: get
2024-05-12 23:23:19,610 - ERROR - Error processing packet: get
2024-05-12 23:23:19,610 - ERROR - Error processing packet: get
2024-05-12 23:23:19,610 - ERROR - Error processing packet: get
2024-05-12 23:23:19,610 - ERROR - Error processing packet: get
2024-05-12 23:23:19,611 - ERROR - Error processing packet: get
2024-05-12 23:23:19,611 - ERROR - Error processing packet: get
2024-05-12 23:23:19,611 - ERROR - Error processing packet: get
2024-05-12 23:23:19,611 - ERROR - Error processing packet: get
2024-05-12 23:23:19,611 - ERROR - Error processing packet: get
2024-05-12 23:23:19,611 - ERROR - Error processing packet: get
2024-05-12 23:23:19,612 - ERROR - Error processing packet: get
2024-05-12 23:23:19,612 - ERROR - Error processing packet: get
2024-05-12 23:23:19,612 - ERROR - Error processing packet: get
2024-05-12 23:23:19,612 - ERROR - Error processing packet: get
2024-05-12 23:23:19,612 - ERROR - Error processing packet: get
2024-05-12 23:23:19,612 - ERROR - Error processing packet: get
2024-05-12 23:23:19,613 - ERROR - Error processing packet: get
2024-05-12 23:23:19,613 - ERROR - Error processing packet: get
2024-05-12 23:23:19,613 - ERROR - Error processing packet: get
2024-05-12 23:23:19,613 - ERROR - Error processing packet: get
2024-05-12 23:23:19,613 - ERROR - Error processing packet: get
2024-05-12 23:23:19,613 - ERROR - Error processing packet: get
2024-05-12 23:23:19,614 - ERROR - Error processing packet: get
2024-05-12 23:23:19,614 - ERROR - Error processing packet: get
2024-05-12 23:23:19,614 - ERROR - Error processing packet: get
2024-05-12 23:23:19,614 - ERROR - Error processing packet: get
2024-05-12 23:23:19,614 - ERROR - Error processing packet: get
2024-05-12 23:23:19,614 - ERROR - Error processing packet: get
2024-05-12 23:23:19,614 - ERROR - Error processing packet: get
2024-05-12 23:23:19,614 - ERROR - Error processing packet: get
2024-05-12 23:23:19,615 - ERROR - Error processing packet: get
2024-05-12 23:23:19,615 - ERROR - Error processing packet: get
2024-05-12 23:23:19,615 - ERROR - Error processing packet: get
2024-05-12 23:23:19,615 - ERROR - Error processing packet: get
2024-05-12 23:23:19,616 - ERROR - Error processing packet: get
2024-05-12 23:23:19,616 - ERROR - Error processing packet: get
2024-05-12 23:23:19,616 - ERROR - Error processing packet: get
2024-05-12 23:23:19,616 - ERROR - Error processing packet: get
2024-05-12 23:23:19,616 - ERROR - Error processing packet: get
2024-05-12 23:23:19,617 - ERROR - Error processing packet: get
2024-05-12 23:23:19,617 - ERROR - Error processing packet: get
2024-05-12 23:23:19,617 - ERROR - Error processing packet: get
2024-05-12 23:23:19,617 - ERROR - Error processing packet: get
2024-05-12 23:23:19,617 - ERROR - Error processing packet: get
2024-05-12 23:23:19,618 - ERROR - Error processing packet: get
2024-05-12 23:23:19,618 - ERROR - Error processing packet: get
2024-05-12 23:23:19,618 - ERROR - Error processing packet: get
2024-05-12 23:23:19,618 - ERROR - Error processing packet: get
2024-05-12 23:23:19,618 - ERROR - Error processing packet: get
2024-05-12 23:23:19,618 - ERROR - Error processing packet: get
2024-05-12 23:23:19,618 - ERROR - Error processing packet: get
2024-05-12 23:23:19,619 - ERROR - Error processing packet: get
2024-05-12 23:23:19,619 - ERROR - Error processing packet: get
2024-05-12 23:23:19,619 - ERROR - Error processing packet: get
2024-05-12 23:23:19,619 - ERROR - Error processing packet: get
2024-05-12 23:23:19,619 - ERROR - Error processing packet: get
2024-05-12 23:23:19,619 - ERROR - Error processing packet: get
2024-05-12 23:23:19,619 - ERROR - Error processing packet: get
2024-05-12 23:23:19,619 - ERROR - Error processing packet: get
2024-05-12 23:23:19,619 - ERROR - Error processing packet: get
2024-05-12 23:23:19,619 - ERROR - Error processing packet: get
2024-05-12 23:23:19,619 - ERROR - Error processing packet: get
2024-05-12 23:23:19,619 - ERROR - Error processing packet: get
2024-05-12 23:23:19,620 - ERROR - Error processing packet: get
2024-05-12 23:23:19,620 - ERROR - Error processing packet: get
2024-05-12 23:23:19,620 - ERROR - Error processing packet: get
2024-05-12 23:23:19,620 - ERROR - Error processing packet: get
2024-05-12 23:23:19,620 - ERROR - Error processing packet: get
2024-05-12 23:23:19,620 - ERROR - Error processing packet: get
2024-05-12 23:23:19,620 - ERROR - Error processing packet: get
2024-05-12 23:23:19,620 - ERROR - Error processing packet: get
2024-05-12 23:23:19,621 - ERROR - Error processing packet: get
2024-05-12 23:23:19,621 - ERROR - Error processing packet: get
2024-05-12 23:23:19,621 - ERROR - Error processing packet: get
2024-05-12 23:23:19,621 - ERROR - Error processing packet: get
2024-05-12 23:23:19,621 - ERROR - Error processing packet: get
2024-05-12 23:23:19,621 - ERROR - Error processing packet: get
2024-05-12 23:23:19,621 - ERROR - Error processing packet: get
2024-05-12 23:23:19,621 - ERROR - Error processing packet: get
2024-05-12 23:23:19,621 - ERROR - Error processing packet: get
2024-05-12 23:23:19,622 - ERROR - Error processing packet: get
2024-05-12 23:23:19,622 - ERROR - Error processing packet: get
2024-05-12 23:23:19,622 - ERROR - Error processing packet: get
2024-05-12 23:23:19,622 - ERROR - Error processing packet: get
2024-05-12 23:23:19,622 - ERROR - Error processing packet: get
2024-05-12 23:23:19,622 - ERROR - Error processing packet: get
2024-05-12 23:23:19,622 - ERROR - Error processing packet: get
2024-05-12 23:23:19,622 - ERROR - Error processing packet: get
2024-05-12 23:23:19,622 - ERROR - Error processing packet: get
2024-05-12 23:23:19,623 - ERROR - Error processing packet: get
2024-05-12 23:23:19,623 - ERROR - Error processing packet: get
2024-05-12 23:23:19,623 - ERROR - Error processing packet: get
2024-05-12 23:23:19,623 - ERROR - Error processing packet: get
2024-05-12 23:23:19,623 - ERROR - Error processing packet: get
2024-05-12 23:23:19,623 - ERROR - Error processing packet: get
2024-05-12 23:23:19,623 - ERROR - Error processing packet: get
2024-05-12 23:23:19,623 - ERROR - Error processing packet: get
2024-05-12 23:23:19,624 - ERROR - Error processing packet: get
2024-05-12 23:23:19,624 - ERROR - Error processing packet: get
2024-05-12 23:23:19,624 - ERROR - Error processing packet: get
2024-05-12 23:23:19,624 - ERROR - Error processing packet: get
2024-05-12 23:23:19,624 - ERROR - Error processing packet: get
2024-05-12 23:23:19,624 - ERROR - Error processing packet: get
2024-05-12 23:23:19,624 - ERROR - Error processing packet: get
2024-05-12 23:23:19,625 - ERROR - Error processing packet: get
2024-05-12 23:23:19,625 - ERROR - Error processing packet: get
2024-05-12 23:23:19,625 - ERROR - Error processing packet: get
2024-05-12 23:23:19,625 - ERROR - Error processing packet: get
2024-05-12 23:23:19,625 - ERROR - Error processing packet: get
2024-05-12 23:23:19,625 - ERROR - Error processing packet: get
2024-05-12 23:23:19,625 - ERROR - Error processing packet: get
2024-05-12 23:23:19,625 - ERROR - Error processing packet: get
2024-05-12 23:23:19,626 - ERROR - Error processing packet: get
2024-05-12 23:23:19,626 - ERROR - Error processing packet: get
2024-05-12 23:23:19,626 - ERROR - Error processing packet: get
2024-05-12 23:23:19,626 - ERROR - Error processing packet: get
2024-05-12 23:23:19,626 - ERROR - Error processing packet: get
2024-05-12 23:23:19,626 - ERROR - Error processing packet: get
2024-05-12 23:23:19,627 - ERROR - Error processing packet: get
2024-05-12 23:23:19,627 - ERROR - Error processing packet: get
2024-05-12 23:23:19,627 - ERROR - Error processing packet: get
2024-05-12 23:23:19,627 - ERROR - Error processing packet: get
2024-05-12 23:23:19,627 - ERROR - Error processing packet: get
2024-05-12 23:23:19,627 - ERROR - Error processing packet: get
2024-05-12 23:23:19,627 - ERROR - Error processing packet: get
2024-05-12 23:23:19,627 - ERROR - Error processing packet: get
2024-05-12 23:23:19,628 - ERROR - Error processing packet: get
2024-05-12 23:23:19,629 - ERROR - Error processing packet: get
2024-05-12 23:23:19,629 - ERROR - Error processing packet: get
2024-05-12 23:23:19,629 - ERROR - Error processing packet: get
2024-05-12 23:23:19,629 - ERROR - Error processing packet: get
2024-05-12 23:23:19,629 - ERROR - Error processing packet: get
2024-05-12 23:23:19,629 - ERROR - Error processing packet: get
2024-05-12 23:23:19,629 - ERROR - Error processing packet: get
2024-05-12 23:23:19,629 - ERROR - Error processing packet: get
2024-05-12 23:23:19,630 - ERROR - Error processing packet: get
2024-05-12 23:23:19,630 - ERROR - Error processing packet: get
2024-05-12 23:23:19,630 - ERROR - Error processing packet: get
2024-05-12 23:23:19,630 - ERROR - Error processing packet: get
2024-05-12 23:23:19,630 - ERROR - Error processing packet: get
2024-05-12 23:23:19,630 - ERROR - Error processing packet: get
2024-05-12 23:23:19,630 - ERROR - Error processing packet: get
2024-05-12 23:23:19,630 - ERROR - Error processing packet: get
2024-05-12 23:23:19,631 - ERROR - Error processing packet: get
2024-05-12 23:23:19,631 - ERROR - Error processing packet: get
2024-05-12 23:23:19,631 - ERROR - Error processing packet: get
2024-05-12 23:23:19,631 - ERROR - Error processing packet: get
2024-05-12 23:23:19,631 - ERROR - Error processing packet: get
2024-05-12 23:23:19,631 - ERROR - Error processing packet: get
2024-05-12 23:23:19,631 - ERROR - Error processing packet: get
2024-05-12 23:23:19,631 - ERROR - Error processing packet: get
2024-05-12 23:23:19,632 - ERROR - Error processing packet: get
2024-05-12 23:23:19,632 - ERROR - Error processing packet: get
2024-05-12 23:23:19,632 - ERROR - Error processing packet: get
2024-05-12 23:23:19,632 - ERROR - Error processing packet: get
2024-05-12 23:23:19,632 - ERROR - Error processing packet: get
2024-05-12 23:23:19,632 - ERROR - Error processing packet: get
2024-05-12 23:23:19,633 - ERROR - Error processing packet: get
2024-05-12 23:23:19,633 - ERROR - Error processing packet: get
2024-05-12 23:23:19,633 - ERROR - Error processing packet: get
2024-05-12 23:23:19,633 - ERROR - Error processing packet: get
2024-05-12 23:23:19,633 - ERROR - Error processing packet: get
2024-05-12 23:23:19,633 - ERROR - Error processing packet: get
2024-05-12 23:23:19,633 - ERROR - Error processing packet: get
2024-05-12 23:23:19,634 - ERROR - Error processing packet: get
2024-05-12 23:23:19,634 - ERROR - Error processing packet: get
2024-05-12 23:23:19,634 - ERROR - Error processing packet: get
2024-05-12 23:23:19,634 - ERROR - Error processing packet: get
2024-05-12 23:23:19,634 - ERROR - Error processing packet: get
2024-05-12 23:23:19,634 - ERROR - Error processing packet: get
2024-05-12 23:23:19,634 - ERROR - Error processing packet: get
2024-05-12 23:23:19,634 - ERROR - Error processing packet: get
2024-05-12 23:23:19,635 - ERROR - Error processing packet: get
2024-05-12 23:23:19,635 - ERROR - Error processing packet: get
2024-05-12 23:23:19,635 - ERROR - Error processing packet: get
2024-05-12 23:23:19,635 - ERROR - Error processing packet: get
2024-05-12 23:23:19,635 - ERROR - Error processing packet: get
2024-05-12 23:23:19,635 - ERROR - Error processing packet: get
2024-05-12 23:23:19,635 - ERROR - Error processing packet: get
2024-05-12 23:23:19,636 - ERROR - Error processing packet: get
2024-05-12 23:23:19,636 - ERROR - Error processing packet: get
2024-05-12 23:23:19,636 - ERROR - Error processing packet: get
2024-05-12 23:23:19,636 - ERROR - Error processing packet: get
2024-05-12 23:23:19,636 - ERROR - Error processing packet: get
2024-05-12 23:23:19,636 - ERROR - Error processing packet: get
2024-05-12 23:23:19,636 - ERROR - Error processing packet: get
2024-05-12 23:23:19,637 - ERROR - Error processing packet: get
2024-05-12 23:23:19,637 - ERROR - Error processing packet: get
2024-05-12 23:23:19,637 - ERROR - Error processing packet: get
2024-05-12 23:23:19,637 - ERROR - Error processing packet: get
2024-05-12 23:23:19,637 - ERROR - Error processing packet: get
2024-05-12 23:23:19,637 - ERROR - Error processing packet: get
2024-05-12 23:23:19,637 - ERROR - Error processing packet: get
2024-05-12 23:23:19,637 - ERROR - Error processing packet: get
2024-05-12 23:23:19,638 - ERROR - Error processing packet: get
2024-05-12 23:23:19,638 - ERROR - Error processing packet: get
2024-05-12 23:23:19,638 - ERROR - Error processing packet: get
2024-05-12 23:23:19,638 - ERROR - Error processing packet: get
2024-05-12 23:23:19,638 - ERROR - Error processing packet: get
2024-05-12 23:23:19,638 - ERROR - Error processing packet: get
2024-05-12 23:23:19,638 - ERROR - Error processing packet: get
2024-05-12 23:23:19,638 - ERROR - Error processing packet: get
2024-05-12 23:23:19,639 - ERROR - Error processing packet: get
2024-05-12 23:23:19,639 - ERROR - Error processing packet: get
2024-05-12 23:23:19,639 - ERROR - Error processing packet: get
2024-05-12 23:23:19,639 - ERROR - Error processing packet: get
2024-05-12 23:23:19,639 - ERROR - Error processing packet: get
2024-05-12 23:23:19,639 - ERROR - Error processing packet: get
2024-05-12 23:23:19,639 - ERROR - Error processing packet: get
2024-05-12 23:23:19,639 - ERROR - Error processing packet: get
2024-05-12 23:23:19,639 - ERROR - Error processing packet: get
2024-05-12 23:23:19,639 - ERROR - Error processing packet: get
2024-05-12 23:23:19,640 - ERROR - Error processing packet: get
2024-05-12 23:23:19,640 - ERROR - Error processing packet: get
2024-05-12 23:23:19,640 - ERROR - Error processing packet: get
2024-05-12 23:23:19,640 - ERROR - Error processing packet: get
2024-05-12 23:23:19,640 - ERROR - Error processing packet: get
2024-05-12 23:23:19,640 - ERROR - Error processing packet: get
2024-05-12 23:23:19,640 - ERROR - Error processing packet: get
2024-05-12 23:23:19,640 - ERROR - Error processing packet: get
2024-05-12 23:23:19,640 - ERROR - Error processing packet: get
2024-05-12 23:23:19,641 - ERROR - Error processing packet: get
2024-05-12 23:23:19,641 - ERROR - Error processing packet: get
2024-05-12 23:23:19,641 - ERROR - Error processing packet: get
2024-05-12 23:23:19,641 - ERROR - Error processing packet: get
2024-05-12 23:23:19,641 - ERROR - Error processing packet: get
2024-05-12 23:23:19,641 - ERROR - Error processing packet: get
2024-05-12 23:23:19,641 - ERROR - Error processing packet: get
2024-05-12 23:23:19,641 - ERROR - Error processing packet: get
2024-05-12 23:23:19,642 - ERROR - Error processing packet: get
2024-05-12 23:23:19,642 - ERROR - Error processing packet: get
2024-05-12 23:23:19,642 - ERROR - Error processing packet: get
2024-05-12 23:23:19,642 - ERROR - Error processing packet: get
2024-05-12 23:23:19,642 - ERROR - Error processing packet: get
2024-05-12 23:23:19,642 - ERROR - Error processing packet: get
2024-05-12 23:23:19,643 - ERROR - Error processing packet: get
2024-05-12 23:23:19,643 - ERROR - Error processing packet: get
2024-05-12 23:23:19,643 - ERROR - Error processing packet: get
2024-05-12 23:23:19,643 - ERROR - Error processing packet: get
2024-05-12 23:23:19,643 - ERROR - Error processing packet: get
2024-05-12 23:23:19,643 - ERROR - Error processing packet: get
2024-05-12 23:23:19,643 - ERROR - Error processing packet: get
2024-05-12 23:23:19,644 - ERROR - Error processing packet: get
2024-05-12 23:23:19,644 - ERROR - Error processing packet: get
2024-05-12 23:23:19,644 - ERROR - Error processing packet: get
2024-05-12 23:23:19,644 - ERROR - Error processing packet: get
2024-05-12 23:23:19,644 - ERROR - Error processing packet: get
2024-05-12 23:23:19,644 - ERROR - Error processing packet: get
2024-05-12 23:23:19,644 - ERROR - Error processing packet: get
2024-05-12 23:23:19,644 - ERROR - Error processing packet: get
2024-05-12 23:23:19,644 - ERROR - Error processing packet: get
2024-05-12 23:23:19,645 - ERROR - Error processing packet: get
2024-05-12 23:23:19,645 - ERROR - Error processing packet: get
2024-05-12 23:23:19,645 - ERROR - Error processing packet: get
2024-05-12 23:23:19,645 - ERROR - Error processing packet: get
2024-05-12 23:23:19,645 - ERROR - Error processing packet: get
2024-05-12 23:23:19,645 - ERROR - Error processing packet: get
2024-05-12 23:23:19,645 - ERROR - Error processing packet: get
2024-05-12 23:23:19,645 - ERROR - Error processing packet: get
2024-05-12 23:23:19,646 - ERROR - Error processing packet: get
2024-05-12 23:23:19,646 - ERROR - Error processing packet: get
2024-05-12 23:23:19,646 - ERROR - Error processing packet: get
2024-05-12 23:23:19,646 - ERROR - Error processing packet: get
2024-05-12 23:23:19,646 - ERROR - Error processing packet: get
2024-05-12 23:23:19,646 - ERROR - Error processing packet: get
2024-05-12 23:23:19,646 - ERROR - Error processing packet: get
2024-05-12 23:23:19,646 - ERROR - Error processing packet: get
2024-05-12 23:23:19,646 - ERROR - Error processing packet: get
2024-05-12 23:23:19,647 - ERROR - Error processing packet: get
2024-05-12 23:23:19,647 - ERROR - Error processing packet: get
2024-05-12 23:23:19,647 - ERROR - Error processing packet: get
2024-05-12 23:23:19,647 - ERROR - Error processing packet: get
2024-05-12 23:23:19,647 - ERROR - Error processing packet: get
2024-05-12 23:23:19,647 - ERROR - Error processing packet: get
2024-05-12 23:23:19,647 - ERROR - Error processing packet: get
2024-05-12 23:23:19,647 - ERROR - Error processing packet: get
2024-05-12 23:23:19,648 - ERROR - Error processing packet: get
2024-05-12 23:23:19,648 - ERROR - Error processing packet: get
2024-05-12 23:23:19,648 - ERROR - Error processing packet: get
2024-05-12 23:23:19,648 - ERROR - Error processing packet: get
2024-05-12 23:23:19,648 - ERROR - Error processing packet: get
2024-05-12 23:23:19,649 - ERROR - Error processing packet: get
2024-05-12 23:23:19,649 - ERROR - Error processing packet: get
2024-05-12 23:23:19,649 - ERROR - Error processing packet: get
2024-05-12 23:23:19,649 - ERROR - Error processing packet: get
2024-05-12 23:23:19,649 - ERROR - Error processing packet: get
2024-05-12 23:23:19,649 - ERROR - Error processing packet: get
2024-05-12 23:23:19,649 - ERROR - Error processing packet: get
2024-05-12 23:23:19,649 - ERROR - Error processing packet: get
2024-05-12 23:23:19,649 - ERROR - Error processing packet: get
2024-05-12 23:23:19,649 - ERROR - Error processing packet: get
2024-05-12 23:23:19,650 - ERROR - Error processing packet: get
2024-05-12 23:23:19,650 - ERROR - Error processing packet: get
2024-05-12 23:23:19,650 - ERROR - Error processing packet: get
2024-05-12 23:23:19,650 - ERROR - Error processing packet: get
2024-05-12 23:23:19,650 - ERROR - Error processing packet: get
2024-05-12 23:23:19,650 - ERROR - Error processing packet: get
2024-05-12 23:23:19,650 - ERROR - Error processing packet: get
2024-05-12 23:23:19,650 - ERROR - Error processing packet: get
2024-05-12 23:23:19,651 - ERROR - Error processing packet: get
2024-05-12 23:23:19,651 - ERROR - Error processing packet: get
2024-05-12 23:23:19,651 - ERROR - Error processing packet: get
2024-05-12 23:23:19,651 - ERROR - Error processing packet: get
2024-05-12 23:23:19,651 - ERROR - Error processing packet: get
2024-05-12 23:23:19,651 - ERROR - Error processing packet: get
2024-05-12 23:23:19,651 - ERROR - Error processing packet: get
2024-05-12 23:23:19,651 - ERROR - Error processing packet: get
2024-05-12 23:23:19,652 - ERROR - Error processing packet: get
2024-05-12 23:23:19,652 - ERROR - Error processing packet: get
2024-05-12 23:23:19,652 - ERROR - Error processing packet: get
2024-05-12 23:23:19,652 - ERROR - Error processing packet: get
2024-05-12 23:23:19,652 - ERROR - Error processing packet: get
2024-05-12 23:23:19,652 - ERROR - Error processing packet: get
2024-05-12 23:23:19,652 - ERROR - Error processing packet: get
2024-05-12 23:23:19,652 - ERROR - Error processing packet: get
2024-05-12 23:23:19,653 - ERROR - Error processing packet: get
2024-05-12 23:23:19,653 - ERROR - Error processing packet: get
2024-05-12 23:23:19,653 - ERROR - Error processing packet: get
2024-05-12 23:23:19,653 - ERROR - Error processing packet: get
2024-05-12 23:23:19,653 - ERROR - Error processing packet: get
2024-05-12 23:23:19,653 - ERROR - Error processing packet: get
2024-05-12 23:23:19,654 - ERROR - Error processing packet: get
2024-05-12 23:23:19,654 - ERROR - Error processing packet: get
2024-05-12 23:23:19,655 - ERROR - Error processing packet: get
2024-05-12 23:23:19,655 - ERROR - Error processing packet: get
2024-05-12 23:23:19,655 - ERROR - Error processing packet: get
2024-05-12 23:23:19,655 - ERROR - Error processing packet: get
2024-05-12 23:23:19,655 - ERROR - Error processing packet: get
2024-05-12 23:23:19,656 - ERROR - Error processing packet: get
2024-05-12 23:23:19,656 - ERROR - Error processing packet: get
2024-05-12 23:23:19,656 - ERROR - Error processing packet: get
2024-05-12 23:23:19,656 - ERROR - Error processing packet: get
2024-05-12 23:23:19,656 - ERROR - Error processing packet: get
2024-05-12 23:23:19,656 - ERROR - Error processing packet: get
2024-05-12 23:23:19,657 - ERROR - Error processing packet: get
2024-05-12 23:23:19,657 - ERROR - Error processing packet: get
2024-05-12 23:23:19,657 - ERROR - Error processing packet: get
2024-05-12 23:23:19,657 - ERROR - Error processing packet: get
2024-05-12 23:23:19,657 - ERROR - Error processing packet: get
2024-05-12 23:23:19,657 - ERROR - Error processing packet: get
2024-05-12 23:23:19,657 - ERROR - Error processing packet: get
2024-05-12 23:23:19,657 - ERROR - Error processing packet: get
2024-05-12 23:23:19,658 - ERROR - Error processing packet: get
2024-05-12 23:23:19,658 - ERROR - Error processing packet: get
2024-05-12 23:23:19,658 - ERROR - Error processing packet: get
2024-05-12 23:23:19,658 - ERROR - Error processing packet: get
2024-05-12 23:23:19,658 - ERROR - Error processing packet: get
2024-05-12 23:23:19,658 - ERROR - Error processing packet: get
2024-05-12 23:23:19,658 - ERROR - Error processing packet: get
2024-05-12 23:23:19,658 - ERROR - Error processing packet: get
2024-05-12 23:23:19,658 - ERROR - Error processing packet: get
2024-05-12 23:23:19,658 - ERROR - Error processing packet: get
2024-05-12 23:23:19,658 - ERROR - Error processing packet: get
2024-05-12 23:23:19,659 - ERROR - Error processing packet: get
2024-05-12 23:23:19,659 - ERROR - Error processing packet: get
2024-05-12 23:23:19,659 - ERROR - Error processing packet: get
2024-05-12 23:23:19,659 - ERROR - Error processing packet: get
2024-05-12 23:23:19,659 - ERROR - Error processing packet: get
2024-05-12 23:23:19,659 - ERROR - Error processing packet: get
2024-05-12 23:23:19,659 - ERROR - Error processing packet: get
2024-05-12 23:23:19,659 - ERROR - Error processing packet: get
2024-05-12 23:23:19,659 - ERROR - Error processing packet: get
2024-05-12 23:23:19,659 - ERROR - Error processing packet: get
2024-05-12 23:23:19,660 - ERROR - Error processing packet: get
2024-05-12 23:23:19,660 - ERROR - Error processing packet: get
2024-05-12 23:23:19,660 - ERROR - Error processing packet: get
2024-05-12 23:23:19,660 - ERROR - Error processing packet: get
2024-05-12 23:23:19,660 - ERROR - Error processing packet: get
2024-05-12 23:23:19,661 - ERROR - Error processing packet: get
2024-05-12 23:23:19,661 - ERROR - Error processing packet: get
2024-05-12 23:23:19,661 - ERROR - Error processing packet: get
2024-05-12 23:23:19,661 - ERROR - Error processing packet: get
2024-05-12 23:23:19,661 - ERROR - Error processing packet: get
2024-05-12 23:23:19,661 - ERROR - Error processing packet: get
2024-05-12 23:23:19,661 - ERROR - Error processing packet: get
2024-05-12 23:23:19,661 - ERROR - Error processing packet: get
2024-05-12 23:23:19,661 - ERROR - Error processing packet: get
2024-05-12 23:23:19,661 - ERROR - Error processing packet: get
2024-05-12 23:23:19,662 - ERROR - Error processing packet: get
2024-05-12 23:23:19,662 - ERROR - Error processing packet: get
2024-05-12 23:23:19,662 - ERROR - Error processing packet: get
2024-05-12 23:23:19,662 - ERROR - Error processing packet: get
2024-05-12 23:23:19,662 - ERROR - Error processing packet: get
2024-05-12 23:23:19,662 - ERROR - Error processing packet: get
2024-05-12 23:23:19,662 - ERROR - Error processing packet: get
2024-05-12 23:23:19,662 - ERROR - Error processing packet: get
2024-05-12 23:23:19,662 - ERROR - Error processing packet: get
2024-05-12 23:23:19,662 - ERROR - Error processing packet: get
2024-05-12 23:23:19,662 - ERROR - Error processing packet: get
2024-05-12 23:23:19,663 - ERROR - Error processing packet: get
2024-05-12 23:23:19,663 - ERROR - Error processing packet: get
2024-05-12 23:23:19,663 - ERROR - Error processing packet: get
2024-05-12 23:23:19,663 - ERROR - Error processing packet: get
2024-05-12 23:23:19,663 - ERROR - Error processing packet: get
2024-05-12 23:23:19,663 - ERROR - Error processing packet: get
2024-05-12 23:23:19,663 - ERROR - Error processing packet: get
2024-05-12 23:23:19,663 - ERROR - Error processing packet: get
2024-05-12 23:23:19,663 - ERROR - Error processing packet: get
2024-05-12 23:23:19,663 - ERROR - Error processing packet: get
2024-05-12 23:23:19,663 - ERROR - Error processing packet: get
2024-05-12 23:23:19,664 - ERROR - Error processing packet: get
2024-05-12 23:23:19,664 - ERROR - Error processing packet: get
2024-05-12 23:23:19,664 - ERROR - Error processing packet: get
2024-05-12 23:23:19,664 - ERROR - Error processing packet: get
2024-05-12 23:23:19,664 - ERROR - Error processing packet: get
2024-05-12 23:23:19,664 - ERROR - Error processing packet: get
2024-05-12 23:23:19,664 - ERROR - Error processing packet: get
2024-05-12 23:23:19,664 - ERROR - Error processing packet: get
2024-05-12 23:23:19,664 - ERROR - Error processing packet: get
2024-05-12 23:23:19,665 - ERROR - Error processing packet: get
2024-05-12 23:23:19,665 - ERROR - Error processing packet: get
2024-05-12 23:23:19,665 - ERROR - Error processing packet: get
2024-05-12 23:23:19,665 - ERROR - Error processing packet: get
2024-05-12 23:23:19,665 - ERROR - Error processing packet: get
2024-05-12 23:23:19,665 - ERROR - Error processing packet: get
2024-05-12 23:23:19,665 - ERROR - Error processing packet: get
2024-05-12 23:23:19,665 - ERROR - Error processing packet: get
2024-05-12 23:23:19,665 - ERROR - Error processing packet: get
2024-05-12 23:23:19,665 - INFO - Predictions: []
2024-05-12 23:23:19,666 - INFO - Traffic analysis complete
